<?xml version="1.0" encoding="UTF-8"?>
<!-- Generated by org.testng.reporters.JUnitReportReporter -->
<testsuite hostname="SubhanPC" failures="0" tests="1" name="My_Package.Orange_Hrm_Automation" time="8.978" errors="0" timestamp="2024-06-29T12:43:44 IST" skipped="0">
  <testcase classname="My_Package.Orange_Hrm_Automation" name="tc" time="8.978"/>
  <system-out/>
</testsuite> <!-- My_Package.Orange_Hrm_Automation -->
